drop out 0.3, 10 samples
resample test and train set
batch size 16
augment train

Start training at 2023-04-15 02:40:22.286363
Epoch: 1 | Train Loss: 4.73151 | Train Acc: 0.019 | Val Loss: 4.63064 | Val Acc: 0.024
End training at 2023-04-15 02:52:05.805830
Epoch train time: 11.716666666666667 minutes
Epoch: 2 | Train Loss: 4.52512 | Train Acc: 0.034 | Val Loss: 4.47969 | Val Acc: 0.033
End training at 2023-04-15 03:03:39.060035
Epoch train time: 11.55 minutes
Epoch: 3 | Train Loss: 4.34878 | Train Acc: 0.052 | Val Loss: 4.33418 | Val Acc: 0.059
End training at 2023-04-15 03:15:10.137836
Epoch train time: 11.5 minutes
Epoch: 4 | Train Loss: 4.18914 | Train Acc: 0.077 | Val Loss: 4.25478 | Val Acc: 0.071
End training at 2023-04-15 03:26:41.381855
Epoch train time: 11.516666666666667 minutes
Epoch: 5 | Train Loss: 4.04530 | Train Acc: 0.098 | Val Loss: 4.07063 | Val Acc: 0.107
End training at 2023-04-15 03:38:19.042013
Epoch train time: 11.616666666666667 minutes
Epoch: 6 | Train Loss: 3.89155 | Train Acc: 0.123 | Val Loss: 3.99632 | Val Acc: 0.115
End training at 2023-04-15 03:49:49.584191
Epoch train time: 11.5 minutes
Epoch: 7 | Train Loss: 3.81765 | Train Acc: 0.131 | Val Loss: 3.89093 | Val Acc: 0.125
End training at 2023-04-15 04:01:17.457607
Epoch train time: 11.45 minutes
Epoch: 8 | Train Loss: 3.66694 | Train Acc: 0.160 | Val Loss: 3.72985 | Val Acc: 0.167
End training at 2023-04-15 04:12:41.477512
Epoch train time: 11.383333333333333 minutes
Epoch: 9 | Train Loss: 3.51676 | Train Acc: 0.192 | Val Loss: 3.65162 | Val Acc: 0.175
End training at 2023-04-15 04:24:09.552043
Epoch train time: 11.45 minutes
Epoch: 10 | Train Loss: 3.36549 | Train Acc: 0.217 | Val Loss: 3.60742 | Val Acc: 0.180
End training at 2023-04-15 04:35:43.472458
Epoch train time: 11.55 minutes
Epoch: 11 | Train Loss: 3.22665 | Train Acc: 0.246 | Val Loss: 3.70992 | Val Acc: 0.219
End training at 2023-04-15 04:47:16.461496
Epoch train time: 11.533333333333333 minutes
Epoch: 12 | Train Loss: 3.08230 | Train Acc: 0.271 | Val Loss: 3.57906 | Val Acc: 0.230
End training at 2023-04-15 04:58:46.164413
Epoch train time: 11.483333333333333 minutes
Epoch: 13 | Train Loss: 2.94358 | Train Acc: 0.295 | Val Loss: 3.33041 | Val Acc: 0.259
End training at 2023-04-15 05:10:14.778615
Epoch train time: 11.466666666666667 minutes
Epoch: 14 | Train Loss: 2.80094 | Train Acc: 0.331 | Val Loss: 3.26983 | Val Acc: 0.270
End training at 2023-04-15 05:21:40.210119
Epoch train time: 11.416666666666666 minutes
Epoch: 15 | Train Loss: 2.67663 | Train Acc: 0.359 | Val Loss: 3.13653 | Val Acc: 0.301
End training at 2023-04-15 05:33:07.069617
Epoch train time: 11.433333333333334 minutes
Epoch: 16 | Train Loss: 2.53285 | Train Acc: 0.389 | Val Loss: 3.40078 | Val Acc: 0.296
End training at 2023-04-15 05:44:37.914551
Epoch train time: 11.5 minutes
Epoch: 17 | Train Loss: 2.41062 | Train Acc: 0.413 | Val Loss: 3.00540 | Val Acc: 0.332
End training at 2023-04-15 05:56:07.505155
Epoch train time: 11.483333333333333 minutes
Epoch: 18 | Train Loss: 2.28145 | Train Acc: 0.442 | Val Loss: 3.04121 | Val Acc: 0.342
End training at 2023-04-15 06:07:45.335338
Epoch train time: 11.616666666666667 minutes
Epoch: 19 | Train Loss: 2.16566 | Train Acc: 0.471 | Val Loss: 2.89431 | Val Acc: 0.353
End training at 2023-04-15 06:19:18.578175
Epoch train time: 11.55 minutes
Epoch: 20 | Train Loss: 2.05876 | Train Acc: 0.489 | Val Loss: 2.76611 | Val Acc: 0.370
End training at 2023-04-15 06:30:49.194348
Epoch train time: 11.5 minutes
Epoch: 21 | Train Loss: 1.96444 | Train Acc: 0.514 | Val Loss: 2.77961 | Val Acc: 0.394
End training at 2023-04-15 06:42:16.228351
Epoch train time: 11.433333333333334 minutes
Epoch: 22 | Train Loss: 1.85562 | Train Acc: 0.535 | Val Loss: 2.68638 | Val Acc: 0.396
End training at 2023-04-15 06:53:51.424085
Epoch train time: 11.583333333333334 minutes
Epoch: 23 | Train Loss: 1.75212 | Train Acc: 0.556 | Val Loss: 2.61304 | Val Acc: 0.415
End training at 2023-04-15 07:05:35.677066
Epoch train time: 11.733333333333333 minutes
Epoch: 24 | Train Loss: 1.67241 | Train Acc: 0.575 | Val Loss: 2.50538 | Val Acc: 0.442
End training at 2023-04-15 07:17:16.607917
Epoch train time: 11.666666666666666 minutes
Epoch: 25 | Train Loss: 1.59095 | Train Acc: 0.593 | Val Loss: 2.57797 | Val Acc: 0.428
End training at 2023-04-15 07:28:55.742984
Epoch train time: 11.65 minutes
Epoch: 26 | Train Loss: 1.50684 | Train Acc: 0.610 | Val Loss: 2.47616 | Val Acc: 0.456
End training at 2023-04-15 07:40:33.582460
Epoch train time: 11.616666666666667 minutes
Epoch: 27 | Train Loss: 1.43838 | Train Acc: 0.627 | Val Loss: 2.46715 | Val Acc: 0.466
End training at 2023-04-15 07:52:18.971712
Epoch train time: 11.75 minutes
Epoch: 28 | Train Loss: 1.36822 | Train Acc: 0.643 | Val Loss: 2.49988 | Val Acc: 0.459
End training at 2023-04-15 08:04:03.198750
Epoch train time: 11.733333333333333 minutes
Epoch: 29 | Train Loss: 1.31611 | Train Acc: 0.660 | Val Loss: 2.45673 | Val Acc: 0.479
End training at 2023-04-15 08:15:50.434747
Epoch train time: 11.783333333333333 minutes
Epoch: 30 | Train Loss: 1.26511 | Train Acc: 0.668 | Val Loss: 2.43337 | Val Acc: 0.476
End training at 2023-04-15 08:27:37.495490
Epoch train time: 11.766666666666667 minutes
Epoch: 31 | Train Loss: 1.19575 | Train Acc: 0.686 | Val Loss: 2.24705 | Val Acc: 0.520
End training at 2023-04-15 08:39:22.644690
Epoch train time: 11.75 minutes
Epoch: 32 | Train Loss: 1.13751 | Train Acc: 0.698 | Val Loss: 2.38925 | Val Acc: 0.489
End training at 2023-04-15 08:51:07.965423
Epoch train time: 11.75 minutes
Epoch: 33 | Train Loss: 1.09466 | Train Acc: 0.701 | Val Loss: 2.30729 | Val Acc: 0.519
End training at 2023-04-15 09:02:49.445282
Epoch train time: 11.683333333333334 minutes
Epoch: 34 | Train Loss: 1.05357 | Train Acc: 0.715 | Val Loss: 2.39766 | Val Acc: 0.503
End training at 2023-04-15 09:14:26.528166
Epoch train time: 11.616666666666667 minutes
Epoch: 35 | Train Loss: 1.00735 | Train Acc: 0.730 | Val Loss: 2.23443 | Val Acc: 0.532
End training at 2023-04-15 09:26:03.658857
Epoch train time: 11.616666666666667 minutes
Epoch: 36 | Train Loss: 0.96226 | Train Acc: 0.737 | Val Loss: 2.31111 | Val Acc: 0.523
End training at 2023-04-15 09:37:39.726145
Epoch train time: 11.583333333333334 minutes
Epoch: 37 | Train Loss: 0.90462 | Train Acc: 0.755 | Val Loss: 2.16729 | Val Acc: 0.553
End training at 2023-04-15 09:49:15.943899
Epoch train time: 11.6 minutes
Epoch: 38 | Train Loss: 0.88320 | Train Acc: 0.762 | Val Loss: 2.19045 | Val Acc: 0.549
End training at 2023-04-15 10:00:50.251992
Epoch train time: 11.566666666666666 minutes
Epoch: 39 | Train Loss: 0.83814 | Train Acc: 0.771 | Val Loss: 2.21271 | Val Acc: 0.543
End training at 2023-04-15 10:12:26.606385
Epoch train time: 11.6 minutes
Epoch: 40 | Train Loss: 0.81162 | Train Acc: 0.776 | Val Loss: 2.35891 | Val Acc: 0.523
End training at 2023-04-15 10:24:08.670083
Epoch train time: 11.7 minutes
Epoch: 41 | Train Loss: 0.79783 | Train Acc: 0.779 | Val Loss: 2.20130 | Val Acc: 0.555
End training at 2023-04-15 10:35:47.640310
Epoch train time: 11.633333333333333 minutes
Epoch: 42 | Train Loss: 0.74599 | Train Acc: 0.791 | Val Loss: 2.18202 | Val Acc: 0.557
End training at 2023-04-15 10:47:27.787960
Epoch train time: 11.666666666666666 minutes
Epoch: 43 | Train Loss: 0.70841 | Train Acc: 0.801 | Val Loss: 2.17197 | Val Acc: 0.572
End training at 2023-04-15 10:59:10.861682
Epoch train time: 11.716666666666667 minutes
Epoch: 44 | Train Loss: 0.69914 | Train Acc: 0.804 | Val Loss: 2.22187 | Val Acc: 0.569
End training at 2023-04-15 11:10:50.611673
Epoch train time: 11.65 minutes
Epoch: 45 | Train Loss: 0.66456 | Train Acc: 0.812 | Val Loss: 2.18028 | Val Acc: 0.577
End training at 2023-04-15 11:22:28.969222
Epoch train time: 11.633333333333333 minutes
Epoch: 46 | Train Loss: 0.63219 | Train Acc: 0.821 | Val Loss: 2.13401 | Val Acc: 0.589
End training at 2023-04-15 11:34:07.764884
Epoch train time: 11.633333333333333 minutes
Epoch: 47 | Train Loss: 0.61899 | Train Acc: 0.824 | Val Loss: 2.10920 | Val Acc: 0.598
End training at 2023-04-15 11:45:48.694029
Epoch train time: 11.666666666666666 minutes
Epoch: 48 | Train Loss: 0.59322 | Train Acc: 0.832 | Val Loss: 2.11107 | Val Acc: 0.590
End training at 2023-04-15 11:57:28.263428
Epoch train time: 11.65 minutes
Epoch: 49 | Train Loss: 0.57892 | Train Acc: 0.832 | Val Loss: 2.17040 | Val Acc: 0.587
End training at 2023-04-15 12:09:12.311944
Epoch train time: 11.733333333333333 minutes
Epoch: 50 | Train Loss: 0.55043 | Train Acc: 0.842 | Val Loss: 2.15988 | Val Acc: 0.600
End training at 2023-04-15 12:20:56.592213
Epoch train time: 11.733333333333333 minutes
Epoch: 51 | Train Loss: 0.54635 | Train Acc: 0.841 | Val Loss: 2.17845 | Val Acc: 0.599
End training at 2023-04-15 12:32:39.732373
Epoch train time: 11.716666666666667 minutes
Epoch: 52 | Train Loss: 0.51544 | Train Acc: 0.853 | Val Loss: 2.09266 | Val Acc: 0.614
End training at 2023-04-15 12:44:20.128399
Epoch train time: 11.666666666666666 minutes
Epoch: 53 | Train Loss: 0.50408 | Train Acc: 0.853 | Val Loss: 2.14925 | Val Acc: 0.608
End training at 2023-04-15 12:55:59.929725
Epoch train time: 11.65 minutes
Epoch: 54 | Train Loss: 0.47476 | Train Acc: 0.861 | Val Loss: 2.11578 | Val Acc: 0.622
End training at 2023-04-15 13:07:40.216795
Epoch train time: 11.666666666666666 minutes
Epoch: 55 | Train Loss: 0.46577 | Train Acc: 0.862 | Val Loss: 2.18043 | Val Acc: 0.608
End training at 2023-04-15 13:19:20.543410
Epoch train time: 11.666666666666666 minutes
Epoch: 56 | Train Loss: 0.47206 | Train Acc: 0.861 | Val Loss: 2.08751 | Val Acc: 0.624
End training at 2023-04-15 13:31:00.034882
Epoch train time: 11.65 minutes
Epoch: 57 | Train Loss: 0.44077 | Train Acc: 0.872 | Val Loss: 2.20307 | Val Acc: 0.604
End training at 2023-04-15 13:42:39.272512
Epoch train time: 11.65 minutes
Epoch: 58 | Train Loss: 0.42598 | Train Acc: 0.876 | Val Loss: 2.13332 | Val Acc: 0.624
End training at 2023-04-15 13:54:18.412153
Epoch train time: 11.65 minutes
Epoch: 59 | Train Loss: 0.41822 | Train Acc: 0.877 | Val Loss: 2.07150 | Val Acc: 0.636
End training at 2023-04-15 14:05:57.281147
Epoch train time: 11.633333333333333 minutes
Epoch: 60 | Train Loss: 0.38291 | Train Acc: 0.887 | Val Loss: 2.12056 | Val Acc: 0.626
End training at 2023-04-15 14:17:36.698145
Epoch train time: 11.65 minutes
Epoch: 61 | Train Loss: 0.38254 | Train Acc: 0.885 | Val Loss: 2.14362 | Val Acc: 0.630
End training at 2023-04-15 14:29:16.632205
Epoch train time: 11.65 minutes
Epoch: 62 | Train Loss: 0.38435 | Train Acc: 0.890 | Val Loss: 2.20444 | Val Acc: 0.627
End training at 2023-04-15 14:40:54.816560
Epoch train time: 11.633333333333333 minutes
Epoch: 63 | Train Loss: 0.37387 | Train Acc: 0.890 | Val Loss: 2.24302 | Val Acc: 0.625
End training at 2023-04-15 14:52:32.012680
Epoch train time: 11.616666666666667 minutes
Epoch: 64 | Train Loss: 0.38086 | Train Acc: 0.888 | Val Loss: 2.15250 | Val Acc: 0.640
End training at 2023-04-15 15:04:10.230127
Epoch train time: 11.633333333333333 minutes
Epoch: 65 | Train Loss: 0.34936 | Train Acc: 0.898 | Val Loss: 2.15660 | Val Acc: 0.637
End training at 2023-04-15 15:15:48.200589
Epoch train time: 11.616666666666667 minutes
Epoch: 66 | Train Loss: 0.33948 | Train Acc: 0.899 | Val Loss: 2.12628 | Val Acc: 0.638
End training at 2023-04-15 15:27:24.869611
Epoch train time: 11.6 minutes
Epoch: 67 | Train Loss: 0.34703 | Train Acc: 0.901 | Val Loss: 2.26625 | Val Acc: 0.630
End training at 2023-04-15 15:39:00.510434
Epoch train time: 11.583333333333334 minutes
Epoch: 68 | Train Loss: 0.34396 | Train Acc: 0.896 | Val Loss: 2.25046 | Val Acc: 0.631
End training at 2023-04-15 15:50:34.871502
Epoch train time: 11.566666666666666 minutes
Epoch: 69 | Train Loss: 0.31149 | Train Acc: 0.905 | Val Loss: 2.13471 | Val Acc: 0.644
End training at 2023-04-15 16:02:13.002425
Epoch train time: 11.633333333333333 minutes
Early stopping